::1 - - [29/May/2020:08:49:11 +0000] "GET / HTTP/1.1" 200 - "http://localhost:8080/login" "Mozilla/5.0 (Windows NT 10.0; Win64; x64) AppleWebKit/537.36 (KHTML, like Gecko) Chrome/81.0.4044.138 Safari/537.36 OPR/68.0.3618.125"
::1 - - [29/May/2020:09:16:03 +0000] "GET / HTTP/1.1" 200 - "-" "Mozilla/5.0 (Windows NT 10.0; Win64; x64) AppleWebKit/537.36 (KHTML, like Gecko) Chrome/81.0.4044.138 Safari/537.36 OPR/68.0.3618.125"
::1 - - [29/May/2020:16:40:14 +0000] "GET / HTTP/1.1" 200 - "-" "Mozilla/5.0 (Windows NT 10.0; Win64; x64) AppleWebKit/537.36 (KHTML, like Gecko) Chrome/81.0.4044.138 Safari/537.36 OPR/68.0.3618.125"
::1 - - [29/May/2020:16:40:15 +0000] "GET / HTTP/1.1" 200 - "-" "Mozilla/5.0 (Windows NT 10.0; Win64; x64) AppleWebKit/537.36 (KHTML, like Gecko) Chrome/81.0.4044.138 Safari/537.36 OPR/68.0.3618.125"
::1 - - [29/May/2020:16:40:17 +0000] "GET /favicon.ico HTTP/1.1" 404 150 "http://localhost:8080/" "Mozilla/5.0 (Windows NT 10.0; Win64; x64) AppleWebKit/537.36 (KHTML, like Gecko) Chrome/81.0.4044.138 Safari/537.36 OPR/68.0.3618.125"
::1 - - [29/May/2020:16:40:20 +0000] "POST /logout HTTP/1.1" 302 46 "http://localhost:8080/" "Mozilla/5.0 (Windows NT 10.0; Win64; x64) AppleWebKit/537.36 (KHTML, like Gecko) Chrome/81.0.4044.138 Safari/537.36 OPR/68.0.3618.125"
::1 - - [29/May/2020:16:40:22 +0000] "GET / HTTP/1.1" 200 - "http://localhost:8080/" "Mozilla/5.0 (Windows NT 10.0; Win64; x64) AppleWebKit/537.36 (KHTML, like Gecko) Chrome/81.0.4044.138 Safari/537.36 OPR/68.0.3618.125"
::1 - - [29/May/2020:17:49:00 +0000] "GET / HTTP/1.1" 200 - "-" "Mozilla/5.0 (Windows NT 10.0; Win64; x64) AppleWebKit/537.36 (KHTML, like Gecko) Chrome/81.0.4044.138 Safari/537.36 OPR/68.0.3618.125"
::1 - - [29/May/2020:17:51:18 +0000] "GET / HTTP/1.1" 304 - "-" "Mozilla/5.0 (Windows NT 10.0; Win64; x64) AppleWebKit/537.36 (KHTML, like Gecko) Chrome/81.0.4044.138 Safari/537.36 OPR/68.0.3618.125"
- - - [29/May/2020:18:13:58 +0000] "GET / HTTP/1.1" - - "-" "Mozilla/5.0 (Windows NT 10.0; Win64; x64) AppleWebKit/537.36 (KHTML, like Gecko) Chrome/81.0.4044.138 Safari/537.36 OPR/68.0.3618.125"
- - - [29/May/2020:18:14:00 +0000] "GET / HTTP/1.1" - - "-" "Mozilla/5.0 (Windows NT 10.0; Win64; x64) AppleWebKit/537.36 (KHTML, like Gecko) Chrome/81.0.4044.138 Safari/537.36 OPR/68.0.3618.125"
::1 - - [30/May/2020:06:51:59 +0000] "GET / HTTP/1.1" 200 - "-" "Mozilla/5.0 (Windows NT 10.0; Win64; x64) AppleWebKit/537.36 (KHTML, like Gecko) Chrome/81.0.4044.138 Safari/537.36 OPR/68.0.3618.125"
::1 - - [30/May/2020:06:52:00 +0000] "GET /favicon.ico HTTP/1.1" 404 150 "http://localhost:8080/" "Mozilla/5.0 (Windows NT 10.0; Win64; x64) AppleWebKit/537.36 (KHTML, like Gecko) Chrome/81.0.4044.138 Safari/537.36 OPR/68.0.3618.125"
::1 - - [30/May/2020:06:52:44 +0000] "GET / HTTP/1.1" 304 - "-" "Mozilla/5.0 (Windows NT 10.0; Win64; x64) AppleWebKit/537.36 (KHTML, like Gecko) Chrome/81.0.4044.138 Safari/537.36 OPR/68.0.3618.125"
::1 - - [30/May/2020:06:59:31 +0000] "GET / HTTP/1.1" 304 - "-" "Mozilla/5.0 (Windows NT 10.0; Win64; x64) AppleWebKit/537.36 (KHTML, like Gecko) Chrome/81.0.4044.138 Safari/537.36 OPR/68.0.3618.125"
::1 - - [30/May/2020:07:10:04 +0000] "GET / HTTP/1.1" 304 - "-" "Mozilla/5.0 (Windows NT 10.0; Win64; x64) AppleWebKit/537.36 (KHTML, like Gecko) Chrome/81.0.4044.138 Safari/537.36 OPR/68.0.3618.125"
::1 - - [30/May/2020:09:08:18 +0000] "GET / HTTP/1.1" 200 - "-" "Mozilla/5.0 (Windows NT 10.0; Win64; x64) AppleWebKit/537.36 (KHTML, like Gecko) Chrome/81.0.4044.138 Safari/537.36 OPR/68.0.3618.125"
::1 - - [30/May/2020:09:08:19 +0000] "GET / HTTP/1.1" 304 - "-" "Mozilla/5.0 (Windows NT 10.0; Win64; x64) AppleWebKit/537.36 (KHTML, like Gecko) Chrome/81.0.4044.138 Safari/537.36 OPR/68.0.3618.125"
::1 - - [30/May/2020:09:08:22 +0000] "GET /favicon.ico HTTP/1.1" 404 150 "http://localhost:8080/" "Mozilla/5.0 (Windows NT 10.0; Win64; x64) AppleWebKit/537.36 (KHTML, like Gecko) Chrome/81.0.4044.138 Safari/537.36 OPR/68.0.3618.125"
::1 - - [30/May/2020:09:08:24 +0000] "GET /login HTTP/1.1" 200 - "http://localhost:8080/" "Mozilla/5.0 (Windows NT 10.0; Win64; x64) AppleWebKit/537.36 (KHTML, like Gecko) Chrome/81.0.4044.138 Safari/537.36 OPR/68.0.3618.125"
::1 - - [30/May/2020:09:08:44 +0000] "POST /login HTTP/1.1" 302 46 "http://localhost:8080/login" "Mozilla/5.0 (Windows NT 10.0; Win64; x64) AppleWebKit/537.36 (KHTML, like Gecko) Chrome/81.0.4044.138 Safari/537.36 OPR/68.0.3618.125"
::1 - - [30/May/2020:09:08:45 +0000] "GET / HTTP/1.1" 200 - "http://localhost:8080/login" "Mozilla/5.0 (Windows NT 10.0; Win64; x64) AppleWebKit/537.36 (KHTML, like Gecko) Chrome/81.0.4044.138 Safari/537.36 OPR/68.0.3618.125"
::1 - - [30/May/2020:09:08:56 +0000] "POST /cart HTTP/1.1" 302 54 "http://localhost:8080/" "Mozilla/5.0 (Windows NT 10.0; Win64; x64) AppleWebKit/537.36 (KHTML, like Gecko) Chrome/81.0.4044.138 Safari/537.36 OPR/68.0.3618.125"
::1 - - [30/May/2020:09:08:59 +0000] "GET /cart HTTP/1.1" 200 - "http://localhost:8080/" "Mozilla/5.0 (Windows NT 10.0; Win64; x64) AppleWebKit/537.36 (KHTML, like Gecko) Chrome/81.0.4044.138 Safari/537.36 OPR/68.0.3618.125"
::1 - - [30/May/2020:09:09:04 +0000] "GET /checkout HTTP/1.1" 200 - "http://localhost:8080/cart" "Mozilla/5.0 (Windows NT 10.0; Win64; x64) AppleWebKit/537.36 (KHTML, like Gecko) Chrome/81.0.4044.138 Safari/537.36 OPR/68.0.3618.125"
::1 - - [30/May/2020:09:10:22 +0000] "GET /order HTTP/1.1" 200 - "http://localhost:8080/checkout" "Mozilla/5.0 (Windows NT 10.0; Win64; x64) AppleWebKit/537.36 (KHTML, like Gecko) Chrome/81.0.4044.138 Safari/537.36 OPR/68.0.3618.125"
::1 - - [30/May/2020:09:10:30 +0000] "GET /order/5ed222f9ec6bb10ce8b99aff HTTP/1.1" 200 - "http://localhost:8080/order" "Mozilla/5.0 (Windows NT 10.0; Win64; x64) AppleWebKit/537.36 (KHTML, like Gecko) Chrome/81.0.4044.138 Safari/537.36 OPR/68.0.3618.125"
::1 - - [30/May/2020:09:10:37 +0000] "GET /order/5ed222f9ec6bb10ce8b99aff HTTP/1.1" 200 - "http://localhost:8080/order" "Mozilla/5.0 (Windows NT 10.0; Win64; x64) AppleWebKit/537.36 (KHTML, like Gecko) Chrome/81.0.4044.138 Safari/537.36 OPR/68.0.3618.125"
::1 - - [30/May/2020:09:12:59 +0000] "GET / HTTP/1.1" 200 - "http://localhost:8080/order" "Mozilla/5.0 (Windows NT 10.0; Win64; x64) AppleWebKit/537.36 (KHTML, like Gecko) Chrome/81.0.4044.138 Safari/537.36 OPR/68.0.3618.125"
::1 - - [30/May/2020:09:13:01 +0000] "GET /order HTTP/1.1" 200 - "http://localhost:8080/" "Mozilla/5.0 (Windows NT 10.0; Win64; x64) AppleWebKit/537.36 (KHTML, like Gecko) Chrome/81.0.4044.138 Safari/537.36 OPR/68.0.3618.125"
::1 - - [30/May/2020:09:13:04 +0000] "GET / HTTP/1.1" 200 - "http://localhost:8080/order" "Mozilla/5.0 (Windows NT 10.0; Win64; x64) AppleWebKit/537.36 (KHTML, like Gecko) Chrome/81.0.4044.138 Safari/537.36 OPR/68.0.3618.125"
::1 - - [30/May/2020:09:18:45 +0000] "POST /cart HTTP/1.1" 302 54 "http://localhost:8080/" "Mozilla/5.0 (Windows NT 10.0; Win64; x64) AppleWebKit/537.36 (KHTML, like Gecko) Chrome/81.0.4044.138 Safari/537.36 OPR/68.0.3618.125"
::1 - - [30/May/2020:09:18:46 +0000] "GET /cart HTTP/1.1" 200 - "http://localhost:8080/" "Mozilla/5.0 (Windows NT 10.0; Win64; x64) AppleWebKit/537.36 (KHTML, like Gecko) Chrome/81.0.4044.138 Safari/537.36 OPR/68.0.3618.125"
::1 - - [30/May/2020:09:18:51 +0000] "GET / HTTP/1.1" 200 - "http://localhost:8080/cart" "Mozilla/5.0 (Windows NT 10.0; Win64; x64) AppleWebKit/537.36 (KHTML, like Gecko) Chrome/81.0.4044.138 Safari/537.36 OPR/68.0.3618.125"
::1 - - [30/May/2020:09:18:53 +0000] "POST /cart HTTP/1.1" 302 54 "http://localhost:8080/" "Mozilla/5.0 (Windows NT 10.0; Win64; x64) AppleWebKit/537.36 (KHTML, like Gecko) Chrome/81.0.4044.138 Safari/537.36 OPR/68.0.3618.125"
::1 - - [30/May/2020:09:18:54 +0000] "GET /cart HTTP/1.1" 200 - "http://localhost:8080/" "Mozilla/5.0 (Windows NT 10.0; Win64; x64) AppleWebKit/537.36 (KHTML, like Gecko) Chrome/81.0.4044.138 Safari/537.36 OPR/68.0.3618.125"
::1 - - [30/May/2020:09:18:57 +0000] "GET /checkout HTTP/1.1" 200 - "http://localhost:8080/cart" "Mozilla/5.0 (Windows NT 10.0; Win64; x64) AppleWebKit/537.36 (KHTML, like Gecko) Chrome/81.0.4044.138 Safari/537.36 OPR/68.0.3618.125"
::1 - - [30/May/2020:09:19:36 +0000] "GET /order HTTP/1.1" 200 - "http://localhost:8080/checkout" "Mozilla/5.0 (Windows NT 10.0; Win64; x64) AppleWebKit/537.36 (KHTML, like Gecko) Chrome/81.0.4044.138 Safari/537.36 OPR/68.0.3618.125"
::1 - - [30/May/2020:09:19:43 +0000] "GET /order/5ed22526f8e4fc3f94befab4 HTTP/1.1" 302 52 "http://localhost:8080/order" "Mozilla/5.0 (Windows NT 10.0; Win64; x64) AppleWebKit/537.36 (KHTML, like Gecko) Chrome/81.0.4044.138 Safari/537.36 OPR/68.0.3618.125"
::1 - - [30/May/2020:09:20:29 +0000] "GET /order HTTP/1.1" 200 - "http://localhost:8080/checkout" "Mozilla/5.0 (Windows NT 10.0; Win64; x64) AppleWebKit/537.36 (KHTML, like Gecko) Chrome/81.0.4044.138 Safari/537.36 OPR/68.0.3618.125"
::1 - - [30/May/2020:09:20:31 +0000] "GET /order/5ed22526f8e4fc3f94befab4 HTTP/1.1" 200 - "http://localhost:8080/order" "Mozilla/5.0 (Windows NT 10.0; Win64; x64) AppleWebKit/537.36 (KHTML, like Gecko) Chrome/81.0.4044.138 Safari/537.36 OPR/68.0.3618.125"
::1 - - [30/May/2020:09:20:32 +0000] "GET /order/5ed22526f8e4fc3f94befab4 HTTP/1.1" 200 - "http://localhost:8080/order" "Mozilla/5.0 (Windows NT 10.0; Win64; x64) AppleWebKit/537.36 (KHTML, like Gecko) Chrome/81.0.4044.138 Safari/537.36 OPR/68.0.3618.125"
::1 - - [30/May/2020:09:21:44 +0000] "GET / HTTP/1.1" 200 - "http://localhost:8080/order" "Mozilla/5.0 (Windows NT 10.0; Win64; x64) AppleWebKit/537.36 (KHTML, like Gecko) Chrome/81.0.4044.138 Safari/537.36 OPR/68.0.3618.125"
::1 - - [30/May/2020:09:21:46 +0000] "POST /cart HTTP/1.1" 302 54 "http://localhost:8080/" "Mozilla/5.0 (Windows NT 10.0; Win64; x64) AppleWebKit/537.36 (KHTML, like Gecko) Chrome/81.0.4044.138 Safari/537.36 OPR/68.0.3618.125"
::1 - - [30/May/2020:09:21:47 +0000] "GET /cart HTTP/1.1" 200 - "http://localhost:8080/" "Mozilla/5.0 (Windows NT 10.0; Win64; x64) AppleWebKit/537.36 (KHTML, like Gecko) Chrome/81.0.4044.138 Safari/537.36 OPR/68.0.3618.125"
::1 - - [30/May/2020:09:21:50 +0000] "GET /checkout HTTP/1.1" 200 - "http://localhost:8080/cart" "Mozilla/5.0 (Windows NT 10.0; Win64; x64) AppleWebKit/537.36 (KHTML, like Gecko) Chrome/81.0.4044.138 Safari/537.36 OPR/68.0.3618.125"
::1 - - [30/May/2020:09:22:20 +0000] "GET /order HTTP/1.1" 200 - "http://localhost:8080/checkout" "Mozilla/5.0 (Windows NT 10.0; Win64; x64) AppleWebKit/537.36 (KHTML, like Gecko) Chrome/81.0.4044.138 Safari/537.36 OPR/68.0.3618.125"
::1 - - [30/May/2020:09:22:27 +0000] "GET /order/5ed225cb78274408d043a514 HTTP/1.1" 200 - "http://localhost:8080/order" "Mozilla/5.0 (Windows NT 10.0; Win64; x64) AppleWebKit/537.36 (KHTML, like Gecko) Chrome/81.0.4044.138 Safari/537.36 OPR/68.0.3618.125"
::1 - - [30/May/2020:09:22:29 +0000] "GET /order/5ed225cb78274408d043a514 HTTP/1.1" 200 - "http://localhost:8080/order" "Mozilla/5.0 (Windows NT 10.0; Win64; x64) AppleWebKit/537.36 (KHTML, like Gecko) Chrome/81.0.4044.138 Safari/537.36 OPR/68.0.3618.125"
::1 - - [30/May/2020:09:39:44 +0000] "GET / HTTP/1.1" 200 - "-" "Mozilla/5.0 (Windows NT 10.0; Win64; x64) AppleWebKit/537.36 (KHTML, like Gecko) Chrome/81.0.4044.138 Safari/537.36 OPR/68.0.3618.125"
::1 - - [30/May/2020:09:39:49 +0000] "POST /logout HTTP/1.1" 302 46 "http://localhost:8080/" "Mozilla/5.0 (Windows NT 10.0; Win64; x64) AppleWebKit/537.36 (KHTML, like Gecko) Chrome/81.0.4044.138 Safari/537.36 OPR/68.0.3618.125"
::1 - - [30/May/2020:09:39:50 +0000] "GET / HTTP/1.1" 200 - "http://localhost:8080/" "Mozilla/5.0 (Windows NT 10.0; Win64; x64) AppleWebKit/537.36 (KHTML, like Gecko) Chrome/81.0.4044.138 Safari/537.36 OPR/68.0.3618.125"
